This file contains any messages produced by compilers while
running configure, to aid debugging if configure makes a mistake.

It was created by bibledit configure 1.0, which was
generated by GNU Autoconf 2.69.  Invocation command line was

  $ ./configure 

## --------- ##
## Platform. ##
## --------- ##

hostname = macpro
uname -m = x86_64
uname -r = 16.3.0
uname -s = Darwin
uname -v = Darwin Kernel Version 16.3.0: Thu Nov 17 20:23:58 PST 2016; root:xnu-3789.31.2~1/RELEASE_X86_64

/usr/bin/uname -p = i386
/bin/uname -X     = unknown

/bin/arch              = unknown
/usr/bin/arch -k       = unknown
/usr/convex/getsysinfo = unknown
/usr/bin/hostinfo      = Mach kernel version:
	 Darwin Kernel Version 16.3.0: Thu Nov 17 20:23:58 PST 2016; root:xnu-3789.31.2~1/RELEASE_X86_64
Kernel configured for up to 24 processors.
12 processors are physically available.
24 processors are logically available.
Processor type: i486 (Intel 80486)
Processors active: 0 1 2 3 4 5 6 7 8 9 10 11 12 13 14 15 16 17 18 19 20 21 22 23
Primary memory available: 16.00 gigabytes
Default processor set: 304 tasks, 1334 threads, 24 processors
Load average: 2.83, Mach factor: 21.16
/bin/machine           = unknown
/usr/bin/oslevel       = unknown
/bin/universe          = unknown

PATH: /opt/local/bin
PATH: /opt/local/sbin
PATH: /opt/local/bin
PATH: /opt/local/sbin
PATH: /usr/local/bin
PATH: /usr/bin
PATH: /bin
PATH: /usr/sbin
PATH: /sbin


## ----------- ##
## Core tests. ##
## ----------- ##

configure:1914: checking for a BSD-compatible install
configure:1982: result: /usr/bin/install -c
configure:1993: checking whether build environment is sane
configure:2048: result: yes
configure:2199: checking for a thread-safe mkdir -p
configure:2238: result: ./install-sh -c -d
configure:2245: checking for gawk
configure:2261: found /opt/local/bin/gawk
configure:2272: result: gawk
configure:2283: checking whether make sets $(MAKE)
configure:2305: result: yes
configure:2334: checking whether make supports nested variables
configure:2351: result: yes
configure:2555: checking whether UID '501' is supported by ustar format
configure:2558: result: yes
configure:2565: checking whether GID '20' is supported by ustar format
configure:2568: result: yes
configure:2576: checking how to create a ustar tar archive
configure:2587: tar --version
bsdtar 2.8.3 - libarchive 2.8.3
configure:2590: $? = 0
configure:2630: tardir=conftest.dir && eval tar --format=ustar -chf - "$tardir" >conftest.tar
configure:2633: $? = 0
configure:2637: tar -xf - <conftest.tar
configure:2640: $? = 0
configure:2642: cat conftest.dir/file
GrepMe
configure:2645: $? = 0
configure:2658: result: gnutar
configure:2712: checking build system type
configure:2726: result: x86_64-apple-darwin16.3.0
configure:2796: checking for gcc
configure:2812: found /usr/bin/gcc
configure:2823: result: gcc
configure:3052: checking for C compiler version
configure:3061: gcc --version >&5
Apple LLVM version 8.0.0 (clang-800.0.42.1)
Target: x86_64-apple-darwin16.3.0
Thread model: posix
InstalledDir: /Applications/Xcode.app/Contents/Developer/Toolchains/XcodeDefault.xctoolchain/usr/bin
Configured with: --prefix=/Applications/Xcode.app/Contents/Developer/usr --with-gxx-include-dir=/usr/include/c++/4.2.1
configure:3072: $? = 0
configure:3061: gcc -v >&5
Configured with: --prefix=/Applications/Xcode.app/Contents/Developer/usr --with-gxx-include-dir=/usr/include/c++/4.2.1
Apple LLVM version 8.0.0 (clang-800.0.42.1)
Target: x86_64-apple-darwin16.3.0
Thread model: posix
InstalledDir: /Applications/Xcode.app/Contents/Developer/Toolchains/XcodeDefault.xctoolchain/usr/bin
configure:3072: $? = 0
configure:3061: gcc -V >&5
clang: error: argument to '-V' is missing (expected 1 value)
clang: error: no input files
configure:3072: $? = 1
configure:3061: gcc -qversion >&5
clang: error: unknown argument: '-qversion'
clang: error: no input files
configure:3072: $? = 1
configure:3092: checking whether the C compiler works
configure:3114: gcc    conftest.c  >&5
configure:3118: $? = 0
configure:3166: result: yes
configure:3169: checking for C compiler default output file name
configure:3171: result: a.out
configure:3177: checking for suffix of executables
configure:3184: gcc -o conftest    conftest.c  >&5
configure:3188: $? = 0
configure:3210: result: 
configure:3232: checking whether we are cross compiling
configure:3240: gcc -o conftest    conftest.c  >&5
configure:3244: $? = 0
configure:3251: ./conftest
configure:3255: $? = 0
configure:3270: result: no
configure:3275: checking for suffix of object files
configure:3297: gcc -c   conftest.c >&5
configure:3301: $? = 0
configure:3322: result: o
configure:3326: checking whether we are using the GNU C compiler
configure:3345: gcc -c   conftest.c >&5
configure:3345: $? = 0
configure:3354: result: yes
configure:3363: checking whether gcc accepts -g
configure:3383: gcc -c -g  conftest.c >&5
configure:3383: $? = 0
configure:3424: result: yes
configure:3441: checking for gcc option to accept ISO C89
configure:3504: gcc  -c -g -O2  conftest.c >&5
configure:3504: $? = 0
configure:3517: result: none needed
configure:3542: checking whether gcc understands -c and -o together
configure:3564: gcc -c conftest.c -o conftest2.o
configure:3567: $? = 0
configure:3564: gcc -c conftest.c -o conftest2.o
configure:3567: $? = 0
configure:3579: result: yes
configure:3607: checking for style of include used by make
configure:3635: result: GNU
configure:3661: checking dependency style of gcc
configure:3772: result: gcc3
configure:3789: checking dependency style of gcc
configure:3900: result: gcc3
configure:3973: checking for g++
configure:3989: found /usr/bin/g++
configure:4000: result: g++
configure:4027: checking for C++ compiler version
configure:4036: g++ --version >&5
Apple LLVM version 8.0.0 (clang-800.0.42.1)
Target: x86_64-apple-darwin16.3.0
Thread model: posix
InstalledDir: /Applications/Xcode.app/Contents/Developer/Toolchains/XcodeDefault.xctoolchain/usr/bin
Configured with: --prefix=/Applications/Xcode.app/Contents/Developer/usr --with-gxx-include-dir=/usr/include/c++/4.2.1
configure:4047: $? = 0
configure:4036: g++ -v >&5
Configured with: --prefix=/Applications/Xcode.app/Contents/Developer/usr --with-gxx-include-dir=/usr/include/c++/4.2.1
Apple LLVM version 8.0.0 (clang-800.0.42.1)
Target: x86_64-apple-darwin16.3.0
Thread model: posix
InstalledDir: /Applications/Xcode.app/Contents/Developer/Toolchains/XcodeDefault.xctoolchain/usr/bin
configure:4047: $? = 0
configure:4036: g++ -V >&5
clang: error: argument to '-V' is missing (expected 1 value)
clang: error: no input files
configure:4047: $? = 1
configure:4036: g++ -qversion >&5
clang: error: unknown argument: '-qversion'
clang: error: no input files
configure:4047: $? = 1
configure:4051: checking whether we are using the GNU C++ compiler
configure:4070: g++ -c   conftest.cpp >&5
configure:4070: $? = 0
configure:4079: result: yes
configure:4088: checking whether g++ accepts -g
configure:4108: g++ -c -g  conftest.cpp >&5
configure:4108: $? = 0
configure:4149: result: yes
configure:4174: checking dependency style of g++
configure:4285: result: gcc3
configure:4302: checking dependency style of g++
configure:4413: result: gcc3
configure:4442: checking whether g++ supports C++11 features by default
configure:4736: g++ -c -g -O2  conftest.cpp >&5
conftest.cpp:24:2: error: "This is not a C++11 compiler"
#error "This is not a C++11 compiler"
 ^
1 error generated.
configure:4736: $? = 1
configure: failed program was:
| /* confdefs.h */
| #define PACKAGE_NAME "bibledit"
| #define PACKAGE_TARNAME "bibledit"
| #define PACKAGE_VERSION "1.0"
| #define PACKAGE_STRING "bibledit 1.0"
| #define PACKAGE_BUGREPORT "http://bibledit.org"
| #define PACKAGE_URL ""
| #define PACKAGE "bibledit"
| #define VERSION "1.0"
| #define PACKAGE "bibledit"
| #define VERSION "1.0"
| /* end confdefs.h.  */
| 
| 
| // If the compiler admits that it is not ready for C++11, why torture it?
| // Hopefully, this will speed up the test.
| 
| #ifndef __cplusplus
| 
| #error "This is not a C++ compiler"
| 
| #elif __cplusplus < 201103L
| 
| #error "This is not a C++11 compiler"
| 
| #else
| 
| namespace cxx11
| {
| 
|   namespace test_static_assert
|   {
| 
|     template <typename T>
|     struct check
|     {
|       static_assert(sizeof(int) <= sizeof(T), "not big enough");
|     };
| 
|   }
| 
|   namespace test_final_override
|   {
| 
|     struct Base
|     {
|       virtual void f() {}
|     };
| 
|     struct Derived : public Base
|     {
|       virtual void f() override {}
|     };
| 
|   }
| 
|   namespace test_double_right_angle_brackets
|   {
| 
|     template < typename T >
|     struct check {};
| 
|     typedef check<void> single_type;
|     typedef check<check<void>> double_type;
|     typedef check<check<check<void>>> triple_type;
|     typedef check<check<check<check<void>>>> quadruple_type;
| 
|   }
| 
|   namespace test_decltype
|   {
| 
|     int
|     f()
|     {
|       int a = 1;
|       decltype(a) b = 2;
|       return a + b;
|     }
| 
|   }
| 
|   namespace test_type_deduction
|   {
| 
|     template < typename T1, typename T2 >
|     struct is_same
|     {
|       static const bool value = false;
|     };
| 
|     template < typename T >
|     struct is_same<T, T>
|     {
|       static const bool value = true;
|     };
| 
|     template < typename T1, typename T2 >
|     auto
|     add(T1 a1, T2 a2) -> decltype(a1 + a2)
|     {
|       return a1 + a2;
|     }
| 
|     int
|     test(const int c, volatile int v)
|     {
|       static_assert(is_same<int, decltype(0)>::value == true, "");
|       static_assert(is_same<int, decltype(c)>::value == false, "");
|       static_assert(is_same<int, decltype(v)>::value == false, "");
|       auto ac = c;
|       auto av = v;
|       auto sumi = ac + av + 'x';
|       auto sumf = ac + av + 1.0;
|       static_assert(is_same<int, decltype(ac)>::value == true, "");
|       static_assert(is_same<int, decltype(av)>::value == true, "");
|       static_assert(is_same<int, decltype(sumi)>::value == true, "");
|       static_assert(is_same<int, decltype(sumf)>::value == false, "");
|       static_assert(is_same<int, decltype(add(c, v))>::value == true, "");
|       return (sumf > 0.0) ? sumi : add(c, v);
|     }
| 
|   }
| 
|   namespace test_noexcept
|   {
| 
|     int f() { return 0; }
|     int g() noexcept { return 0; }
| 
|     static_assert(noexcept(f()) == false, "");
|     static_assert(noexcept(g()) == true, "");
| 
|   }
| 
|   namespace test_constexpr
|   {
| 
|     template < typename CharT >
|     unsigned long constexpr
|     strlen_c_r(const CharT *const s, const unsigned long acc) noexcept
|     {
|       return *s ? strlen_c_r(s + 1, acc + 1) : acc;
|     }
| 
|     template < typename CharT >
|     unsigned long constexpr
|     strlen_c(const CharT *const s) noexcept
|     {
|       return strlen_c_r(s, 0UL);
|     }
| 
|     static_assert(strlen_c("") == 0UL, "");
|     static_assert(strlen_c("1") == 1UL, "");
|     static_assert(strlen_c("example") == 7UL, "");
|     static_assert(strlen_c("another\0example") == 7UL, "");
| 
|   }
| 
|   namespace test_rvalue_references
|   {
| 
|     template < int N >
|     struct answer
|     {
|       static constexpr int value = N;
|     };
| 
|     answer<1> f(int&)       { return answer<1>(); }
|     answer<2> f(const int&) { return answer<2>(); }
|     answer<3> f(int&&)      { return answer<3>(); }
| 
|     void
|     test()
|     {
|       int i = 0;
|       const int c = 0;
|       static_assert(decltype(f(i))::value == 1, "");
|       static_assert(decltype(f(c))::value == 2, "");
|       static_assert(decltype(f(0))::value == 3, "");
|     }
| 
|   }
| 
|   namespace test_uniform_initialization
|   {
| 
|     struct test
|     {
|       static const int zero {};
|       static const int one {1};
|     };
| 
|     static_assert(test::zero == 0, "");
|     static_assert(test::one == 1, "");
| 
|   }
| 
|   namespace test_lambdas
|   {
| 
|     void
|     test1()
|     {
|       auto lambda1 = [](){};
|       auto lambda2 = lambda1;
|       lambda1();
|       lambda2();
|     }
| 
|     int
|     test2()
|     {
|       auto a = [](int i, int j){ return i + j; }(1, 2);
|       auto b = []() -> int { return '0'; }();
|       auto c = [=](){ return a + b; }();
|       auto d = [&](){ return c; }();
|       auto e = [a, &b](int x) mutable {
|         const auto identity = [](int y){ return y; };
|         for (auto i = 0; i < a; ++i)
|           a += b--;
|         return x + identity(a + b);
|       }(0);
|       return a + b + c + d + e;
|     }
| 
|     int
|     test3()
|     {
|       const auto nullary = [](){ return 0; };
|       const auto unary = [](int x){ return x; };
|       using nullary_t = decltype(nullary);
|       using unary_t = decltype(unary);
|       const auto higher1st = [](nullary_t f){ return f(); };
|       const auto higher2nd = [unary](nullary_t f1){
|         return [unary, f1](unary_t f2){ return f2(unary(f1())); };
|       };
|       return higher1st(nullary) + higher2nd(nullary)(unary);
|     }
| 
|   }
| 
|   namespace test_variadic_templates
|   {
| 
|     template <int...>
|     struct sum;
| 
|     template <int N0, int... N1toN>
|     struct sum<N0, N1toN...>
|     {
|       static constexpr auto value = N0 + sum<N1toN...>::value;
|     };
| 
|     template <>
|     struct sum<>
|     {
|       static constexpr auto value = 0;
|     };
| 
|     static_assert(sum<>::value == 0, "");
|     static_assert(sum<1>::value == 1, "");
|     static_assert(sum<23>::value == 23, "");
|     static_assert(sum<1, 2>::value == 3, "");
|     static_assert(sum<5, 5, 11>::value == 21, "");
|     static_assert(sum<2, 3, 5, 7, 11, 13>::value == 41, "");
| 
|   }
| 
|   // http://stackoverflow.com/questions/13728184/template-aliases-and-sfinae
|   // Clang 3.1 fails with headers of libstd++ 4.8.3 when using std::function
|   // because of this.
|   namespace test_template_alias_sfinae
|   {
| 
|     struct foo {};
| 
|     template<typename T>
|     using member = typename T::member_type;
| 
|     template<typename T>
|     void func(...) {}
| 
|     template<typename T>
|     void func(member<T>*) {}
| 
|     void test();
| 
|     void test() { func<foo>(0); }
| 
|   }
| 
| }  // namespace cxx11
| 
| #endif  // __cplusplus >= 201103L
| 
| 
| 
configure:4743: result: no
configure:4754: checking whether g++ supports C++11 features with -std=c++11
configure:5050: g++ -std=c++11 -c -g -O2  conftest.cpp >&5
configure:5050: $? = 0
configure:5059: result: yes
configure:5134: checking for ranlib
configure:5150: found /usr/bin/ranlib
configure:5161: result: ranlib
configure:5241: checking for pkg-config
configure:5259: found /opt/local/bin/pkg-config
configure:5271: result: /opt/local/bin/pkg-config
configure:5296: checking pkg-config is at least version 0.9.0
configure:5299: result: yes
configure:5309: checking for pkg-config
configure:5327: found /opt/local/bin/pkg-config
configure:5340: result: /opt/local/bin/pkg-config
configure:5354: checking for GTK
configure:5361: $PKG_CONFIG --exists --print-errors "gtk+-3.0"
configure:5364: $? = 0
configure:5378: $PKG_CONFIG --exists --print-errors "gtk+-3.0"
configure:5381: $? = 0
configure:5419: result: yes
configure:5428: checking for WEBKIT2GTK
configure:5435: $PKG_CONFIG --exists --print-errors "webkit2gtk-4.0"
configure:5438: $? = 0
configure:5452: $PKG_CONFIG --exists --print-errors "webkit2gtk-4.0"
configure:5455: $? = 0
configure:5637: result: yes
configure:5755: checking that generated files are newer than configure
configure:5761: result: done
configure:5804: creating ./config.status

## ---------------------- ##
## Running config.status. ##
## ---------------------- ##

This file was extended by bibledit config.status 1.0, which was
generated by GNU Autoconf 2.69.  Invocation command line was

  CONFIG_FILES    = 
  CONFIG_HEADERS  = 
  CONFIG_LINKS    = 
  CONFIG_COMMANDS = 
  $ ./config.status 

on macpro

config.status:874: creating Makefile
config.status:874: creating config.h
config.status:1055: config.h is unchanged
config.status:1103: executing depfiles commands

## ---------------- ##
## Cache variables. ##
## ---------------- ##

ac_cv_build=x86_64-apple-darwin16.3.0
ac_cv_c_compiler_gnu=yes
ac_cv_cxx_compiler_gnu=yes
ac_cv_env_CCC_set=
ac_cv_env_CCC_value=
ac_cv_env_CC_set=
ac_cv_env_CC_value=
ac_cv_env_CFLAGS_set=
ac_cv_env_CFLAGS_value=
ac_cv_env_CPPFLAGS_set=
ac_cv_env_CPPFLAGS_value=
ac_cv_env_CXXFLAGS_set=
ac_cv_env_CXXFLAGS_value=
ac_cv_env_CXX_set=
ac_cv_env_CXX_value=
ac_cv_env_GTK_CFLAGS_set=
ac_cv_env_GTK_CFLAGS_value=
ac_cv_env_GTK_LIBS_set=
ac_cv_env_GTK_LIBS_value=
ac_cv_env_LDFLAGS_set=
ac_cv_env_LDFLAGS_value=
ac_cv_env_LIBS_set=
ac_cv_env_LIBS_value=
ac_cv_env_PKG_CONFIG_LIBDIR_set=
ac_cv_env_PKG_CONFIG_LIBDIR_value=
ac_cv_env_PKG_CONFIG_PATH_set=
ac_cv_env_PKG_CONFIG_PATH_value=
ac_cv_env_PKG_CONFIG_set=
ac_cv_env_PKG_CONFIG_value=
ac_cv_env_WEBKIT2GTK_CFLAGS_set=
ac_cv_env_WEBKIT2GTK_CFLAGS_value=
ac_cv_env_WEBKIT2GTK_LIBS_set=
ac_cv_env_WEBKIT2GTK_LIBS_value=
ac_cv_env_build_alias_set=
ac_cv_env_build_alias_value=
ac_cv_env_host_alias_set=
ac_cv_env_host_alias_value=
ac_cv_env_target_alias_set=
ac_cv_env_target_alias_value=
ac_cv_objext=o
ac_cv_path_PKG_CONFIG_PATH=/opt/local/bin/pkg-config
ac_cv_path_ac_pt_PKG_CONFIG=/opt/local/bin/pkg-config
ac_cv_path_install='/usr/bin/install -c'
ac_cv_prog_AWK=gawk
ac_cv_prog_ac_ct_CC=gcc
ac_cv_prog_ac_ct_CXX=g++
ac_cv_prog_ac_ct_RANLIB=ranlib
ac_cv_prog_cc_c89=
ac_cv_prog_cc_g=yes
ac_cv_prog_cxx_g=yes
ac_cv_prog_make_make_set=yes
am_cv_CC_dependencies_compiler_type=gcc3
am_cv_CXX_dependencies_compiler_type=gcc3
am_cv_make_support_nested_variables=yes
am_cv_prog_cc_c_o=yes
am_cv_prog_tar_ustar=gnutar
ax_cv_cxx_compile_cxx11=no
ax_cv_cxx_compile_cxx11__std_cpp11=yes
pkg_cv_GTK_CFLAGS='-D_REENTRANT -I/opt/local/include/gtk-3.0 -I/opt/local/include/at-spi2-atk/2.0 -I/opt/local/include/at-spi-2.0 -I/opt/local/include/dbus-1.0 -I/opt/local/lib/dbus-1.0/include -I/opt/local/include/gtk-3.0 -I/opt/local/include/gio-unix-2.0/ -I/opt/local/include -I/opt/local/include/cairo -I/opt/local/include -I/opt/local/include/pango-1.0 -I/opt/local/include/harfbuzz -I/opt/local/include -I/opt/local/include/pango-1.0 -I/opt/local/include/atk-1.0 -I/opt/local/include/cairo -I/opt/local/include/pixman-1 -I/opt/local/include -I/opt/local/include/freetype2 -I/opt/local/include -I/opt/local/include/freetype2 -I/opt/local/include/libpng16 -I/opt/local/include -I/opt/local/include/gdk-pixbuf-2.0 -I/opt/local/include/libpng16 -I/opt/local/include/glib-2.0 -I/opt/local/lib/glib-2.0/include -I/opt/local/include'
pkg_cv_GTK_LIBS='-L/opt/local/lib -lgtk-3 -lgdk-3 -lpangocairo-1.0 -lpango-1.0 -latk-1.0 -lcairo-gobject -lcairo -lgdk_pixbuf-2.0 -lgio-2.0 -lgobject-2.0 -lglib-2.0 -lintl'
pkg_cv_WEBKIT2GTK_CFLAGS='-D_REENTRANT -I/opt/local/include/webkitgtk-4.0 -I/opt/local/include/gtk-3.0 -I/opt/local/include/at-spi2-atk/2.0 -I/opt/local/include/at-spi-2.0 -I/opt/local/include/dbus-1.0 -I/opt/local/lib/dbus-1.0/include -I/opt/local/include/gtk-3.0 -I/opt/local/include/gio-unix-2.0/ -I/opt/local/include -I/opt/local/include/cairo -I/opt/local/include -I/opt/local/include/pango-1.0 -I/opt/local/include/harfbuzz -I/opt/local/include -I/opt/local/include/pango-1.0 -I/opt/local/include/atk-1.0 -I/opt/local/include/cairo -I/opt/local/include/pixman-1 -I/opt/local/include -I/opt/local/include/freetype2 -I/opt/local/include -I/opt/local/include/freetype2 -I/opt/local/include/libpng16 -I/opt/local/include -I/opt/local/include/gdk-pixbuf-2.0 -I/opt/local/include/libpng16 -I/opt/local/include/libsoup-2.4 -I/opt/local/include/libxml2 -I/opt/local/include/webkitgtk-4.0 -I/opt/local/include/glib-2.0 -I/opt/local/lib/glib-2.0/include -I/opt/local/include'
pkg_cv_WEBKIT2GTK_LIBS='-L/opt/local/lib -lwebkit2gtk-4.0 -lgtk-3 -lgdk-3 -lpangocairo-1.0 -lpango-1.0 -latk-1.0 -lcairo-gobject -lcairo -lgdk_pixbuf-2.0 -lsoup-2.4 -lgio-2.0 -lgobject-2.0 -ljavascriptcoregtk-4.0 -lglib-2.0 -lintl'

## ----------------- ##
## Output variables. ##
## ----------------- ##

ACLOCAL='${SHELL} /Users/teus/dev/laboratory/autotools/missing aclocal-1.15'
AMDEPBACKSLASH='\'
AMDEP_FALSE='#'
AMDEP_TRUE=''
AMTAR='$${TAR-tar}'
AM_BACKSLASH='\'
AM_DEFAULT_V='$(AM_DEFAULT_VERBOSITY)'
AM_DEFAULT_VERBOSITY='1'
AM_V='$(V)'
AUTOCONF='${SHELL} /Users/teus/dev/laboratory/autotools/missing autoconf'
AUTOHEADER='${SHELL} /Users/teus/dev/laboratory/autotools/missing autoheader'
AUTOMAKE='${SHELL} /Users/teus/dev/laboratory/autotools/missing automake-1.15'
AWK='gawk'
CC='gcc'
CCDEPMODE='depmode=gcc3'
CFLAGS='-g -O2'
CPPFLAGS=''
CXX='g++ -std=c++11'
CXXDEPMODE='depmode=gcc3'
CXXFLAGS='-g -O2'
CYGPATH_W='echo'
DEFS='-DHAVE_CONFIG_H'
DEPDIR='.deps'
ECHO_C='\c'
ECHO_N=''
ECHO_T=''
EXEEXT=''
GTK_CFLAGS='-D_REENTRANT -I/opt/local/include/gtk-3.0 -I/opt/local/include/at-spi2-atk/2.0 -I/opt/local/include/at-spi-2.0 -I/opt/local/include/dbus-1.0 -I/opt/local/lib/dbus-1.0/include -I/opt/local/include/gtk-3.0 -I/opt/local/include/gio-unix-2.0/ -I/opt/local/include -I/opt/local/include/cairo -I/opt/local/include -I/opt/local/include/pango-1.0 -I/opt/local/include/harfbuzz -I/opt/local/include -I/opt/local/include/pango-1.0 -I/opt/local/include/atk-1.0 -I/opt/local/include/cairo -I/opt/local/include/pixman-1 -I/opt/local/include -I/opt/local/include/freetype2 -I/opt/local/include -I/opt/local/include/freetype2 -I/opt/local/include/libpng16 -I/opt/local/include -I/opt/local/include/gdk-pixbuf-2.0 -I/opt/local/include/libpng16 -I/opt/local/include/glib-2.0 -I/opt/local/lib/glib-2.0/include -I/opt/local/include'
GTK_LIBS='-L/opt/local/lib -lgtk-3 -lgdk-3 -lpangocairo-1.0 -lpango-1.0 -latk-1.0 -lcairo-gobject -lcairo -lgdk_pixbuf-2.0 -lgio-2.0 -lgobject-2.0 -lglib-2.0 -lintl'
HAVE_CXX11='1'
INSTALL_DATA='${INSTALL} -m 644'
INSTALL_PROGRAM='${INSTALL}'
INSTALL_SCRIPT='${INSTALL}'
INSTALL_STRIP_PROGRAM='$(install_sh) -c -s'
LDFLAGS=''
LIBOBJS=''
LIBS=''
LTLIBOBJS=''
MAKEINFO='${SHELL} /Users/teus/dev/laboratory/autotools/missing makeinfo'
MKDIR_P='./install-sh -c -d'
OBJEXT='o'
PACKAGE='bibledit'
PACKAGE_BUGREPORT='http://bibledit.org'
PACKAGE_NAME='bibledit'
PACKAGE_STRING='bibledit 1.0'
PACKAGE_TARNAME='bibledit'
PACKAGE_URL=''
PACKAGE_VERSION='1.0'
PATH_SEPARATOR=':'
PKG_CONFIG='/opt/local/bin/pkg-config'
PKG_CONFIG_LIBDIR=''
PKG_CONFIG_PATH='/opt/local/bin/pkg-config'
RANLIB='ranlib'
SET_MAKE=''
SHELL='/bin/sh'
STRIP=''
VERSION='1.0'
WEBKIT2GTK_CFLAGS='-D_REENTRANT -I/opt/local/include/webkitgtk-4.0 -I/opt/local/include/gtk-3.0 -I/opt/local/include/at-spi2-atk/2.0 -I/opt/local/include/at-spi-2.0 -I/opt/local/include/dbus-1.0 -I/opt/local/lib/dbus-1.0/include -I/opt/local/include/gtk-3.0 -I/opt/local/include/gio-unix-2.0/ -I/opt/local/include -I/opt/local/include/cairo -I/opt/local/include -I/opt/local/include/pango-1.0 -I/opt/local/include/harfbuzz -I/opt/local/include -I/opt/local/include/pango-1.0 -I/opt/local/include/atk-1.0 -I/opt/local/include/cairo -I/opt/local/include/pixman-1 -I/opt/local/include -I/opt/local/include/freetype2 -I/opt/local/include -I/opt/local/include/freetype2 -I/opt/local/include/libpng16 -I/opt/local/include -I/opt/local/include/gdk-pixbuf-2.0 -I/opt/local/include/libpng16 -I/opt/local/include/libsoup-2.4 -I/opt/local/include/libxml2 -I/opt/local/include/webkitgtk-4.0 -I/opt/local/include/glib-2.0 -I/opt/local/lib/glib-2.0/include -I/opt/local/include'
WEBKIT2GTK_LIBS='-L/opt/local/lib -lwebkit2gtk-4.0 -lgtk-3 -lgdk-3 -lpangocairo-1.0 -lpango-1.0 -latk-1.0 -lcairo-gobject -lcairo -lgdk_pixbuf-2.0 -lsoup-2.4 -lgio-2.0 -lgobject-2.0 -ljavascriptcoregtk-4.0 -lglib-2.0 -lintl'
ac_ct_CC='gcc'
ac_ct_CXX='g++'
am__EXEEXT_FALSE=''
am__EXEEXT_TRUE='#'
am__fastdepCC_FALSE='#'
am__fastdepCC_TRUE=''
am__fastdepCXX_FALSE='#'
am__fastdepCXX_TRUE=''
am__include='include'
am__isrc=''
am__leading_dot='.'
am__nodep='_no'
am__quote=''
am__tar='tar --format=ustar -chf - "$$tardir"'
am__untar='tar -xf -'
bindir='${exec_prefix}/bin'
build='x86_64-apple-darwin16.3.0'
build_alias=''
build_cpu='x86_64'
build_os='darwin16.3.0'
build_vendor='apple'
datadir='${datarootdir}'
datarootdir='${prefix}/share'
docdir='${datarootdir}/doc/${PACKAGE_TARNAME}'
dvidir='${docdir}'
exec_prefix='${prefix}'
host_alias=''
htmldir='${docdir}'
includedir='${prefix}/include'
infodir='${datarootdir}/info'
install_sh='${SHELL} /Users/teus/dev/laboratory/autotools/install-sh'
libdir='${exec_prefix}/lib'
libexecdir='${exec_prefix}/libexec'
localedir='${datarootdir}/locale'
localstatedir='${prefix}/var'
mandir='${datarootdir}/man'
mkdir_p='$(MKDIR_P)'
oldincludedir='/usr/include'
pdfdir='${docdir}'
prefix='/usr'
program_transform_name='s,x,x,'
psdir='${docdir}'
sbindir='${exec_prefix}/sbin'
sharedstatedir='${prefix}/com'
sysconfdir='${prefix}/etc'
target_alias=''

## ----------- ##
## confdefs.h. ##
## ----------- ##

/* confdefs.h */
#define PACKAGE_NAME "bibledit"
#define PACKAGE_TARNAME "bibledit"
#define PACKAGE_VERSION "1.0"
#define PACKAGE_STRING "bibledit 1.0"
#define PACKAGE_BUGREPORT "http://bibledit.org"
#define PACKAGE_URL ""
#define PACKAGE "bibledit"
#define VERSION "1.0"
#define PACKAGE "bibledit"
#define VERSION "1.0"
#define HAVE_CXX11 1

configure: exit 0
