c:\users\teusj\documents\github\laboratory\uwp\helloworld\helloworld\debug\helloworld.pch
c:\users\teusj\documents\github\laboratory\uwp\helloworld\helloworld\debug\vc141.pdb
c:\users\teusj\documents\github\laboratory\uwp\helloworld\helloworld\debug\vc141.idb
c:\users\teusj\documents\github\laboratory\uwp\helloworld\helloworld\debug\pch.obj
c:\users\teusj\documents\github\laboratory\uwp\helloworld\helloworld\debug\xamltypeinfo.impl.g.obj
c:\users\teusj\documents\github\laboratory\uwp\helloworld\helloworld\debug\app.xaml.obj
c:\users\teusj\documents\github\laboratory\uwp\helloworld\helloworld\debug\mainpage.xaml.obj
c:\users\teusj\documents\github\laboratory\uwp\helloworld\helloworld\debug\xamltypeinfo.g.obj
c:\users\teusj\documents\github\laboratory\uwp\helloworld\debug\helloworld\helloworld.winmd
c:\users\teusj\documents\github\laboratory\uwp\helloworld\debug\helloworld\helloworld.lib
c:\users\teusj\documents\github\laboratory\uwp\helloworld\debug\helloworld\helloworld.exp
c:\users\teusj\documents\github\laboratory\uwp\helloworld\helloworld\debug\helloworld.vcxprojresolveassemblyreference.cache
c:\users\teusj\documents\github\laboratory\uwp\helloworld\helloworld\generated files\app.g.h
c:\users\teusj\documents\github\laboratory\uwp\helloworld\helloworld\generated files\mainpage.g.h
c:\users\teusj\documents\github\laboratory\uwp\helloworld\helloworld\generated files\xamllibmetadataprovider.g.cpp
c:\users\teusj\documents\github\laboratory\uwp\helloworld\helloworld\generated files\xamltypeinfo.impl.g.cpp
c:\users\teusj\documents\github\laboratory\uwp\helloworld\helloworld\generated files\app.xaml
c:\users\teusj\documents\github\laboratory\uwp\helloworld\helloworld\generated files\mainpage.xaml
c:\users\teusj\documents\github\laboratory\uwp\helloworld\helloworld\generated files\app.xbf
c:\users\teusj\documents\github\laboratory\uwp\helloworld\helloworld\generated files\mainpage.xbf
c:\users\teusj\documents\github\laboratory\uwp\helloworld\helloworld\debug\xamlsavestatefile.xml
c:\users\teusj\documents\github\laboratory\uwp\helloworld\helloworld\generated files\xamltypeinfo.g.cpp
c:\users\teusj\documents\github\laboratory\uwp\helloworld\debug\helloworld\app.xbf
c:\users\teusj\documents\github\laboratory\uwp\helloworld\debug\helloworld\mainpage.xbf
c:\users\teusj\documents\github\laboratory\uwp\helloworld\helloworld\debug\resourcehandlingtask.state
c:\users\teusj\documents\github\laboratory\uwp\helloworld\helloworld\debug\helloworld.vcxproj.generateresource.cache
c:\users\teusj\documents\github\laboratory\uwp\helloworld\helloworld\debug\priconfig.xml
c:\users\teusj\documents\github\laboratory\uwp\helloworld\helloworld\debug\priconfig.xml.intermediate
c:\users\teusj\documents\github\laboratory\uwp\helloworld\helloworld\debug\layout.resfiles
c:\users\teusj\documents\github\laboratory\uwp\helloworld\helloworld\debug\layout.resfiles.intermediate
c:\users\teusj\documents\github\laboratory\uwp\helloworld\helloworld\debug\resources.resfiles
c:\users\teusj\documents\github\laboratory\uwp\helloworld\helloworld\debug\resources.resfiles.intermediate
c:\users\teusj\documents\github\laboratory\uwp\helloworld\helloworld\debug\pri.resfiles
c:\users\teusj\documents\github\laboratory\uwp\helloworld\helloworld\debug\pri.resfiles.intermediate
c:\users\teusj\documents\github\laboratory\uwp\helloworld\debug\helloworld\resources.pri
c:\users\teusj\documents\github\laboratory\uwp\helloworld\helloworld\debug\qualifiers.txt
c:\users\teusj\documents\github\laboratory\uwp\helloworld\helloworld\debug\qualifiers.txt.intermediate
c:\users\teusj\documents\github\laboratory\uwp\helloworld\helloworld\debug\multiplequalifiersperdimensionfound.txt
c:\users\teusj\documents\github\laboratory\uwp\helloworld\helloworld\debug\projectarchitectures.txt
c:\users\teusj\documents\github\laboratory\uwp\helloworld\debug\helloworld\appxmanifest.xml
c:\users\teusj\documents\github\laboratory\uwp\helloworld\debug\helloworld\helloworld.build.appxrecipe
c:\users\teusj\documents\github\laboratory\uwp\helloworld\helloworld\debug\helloworld.tlog\helloworld.winmd.lastbuild
c:\users\teusj\documents\github\laboratory\uwp\helloworld\debug\helloworld\helloworld.ilk
c:\users\teusj\documents\github\laboratory\uwp\helloworld\debug\helloworld\helloworld.exe
c:\users\teusj\documents\github\laboratory\uwp\helloworld\debug\helloworld\helloworld.pdb
c:\users\teusj\documents\github\laboratory\uwp\helloworld\helloworld\debug\embed.resfiles
c:\users\teusj\documents\github\laboratory\uwp\helloworld\helloworld\debug\helloworld.tlog\cl.command.1.tlog
c:\users\teusj\documents\github\laboratory\uwp\helloworld\helloworld\debug\helloworld.tlog\cl.read.1.tlog
c:\users\teusj\documents\github\laboratory\uwp\helloworld\helloworld\debug\helloworld.tlog\cl.write.1.tlog
c:\users\teusj\documents\github\laboratory\uwp\helloworld\helloworld\debug\helloworld.tlog\helloworld.read.1u.tlog
c:\users\teusj\documents\github\laboratory\uwp\helloworld\helloworld\debug\helloworld.tlog\helloworld.write.1u.tlog
c:\users\teusj\documents\github\laboratory\uwp\helloworld\helloworld\debug\helloworld.tlog\link.command.1.tlog
c:\users\teusj\documents\github\laboratory\uwp\helloworld\helloworld\debug\helloworld.tlog\link.read.1.tlog
c:\users\teusj\documents\github\laboratory\uwp\helloworld\helloworld\debug\helloworld.tlog\link.write.1.tlog
c:\users\teusj\documents\github\laboratory\uwp\helloworld\helloworld\generated files\xamlbindinginfo.g.h
c:\users\teusj\documents\github\laboratory\uwp\helloworld\helloworld\generated files\xamltypeinfo.g.h
