c:\users\teusj\documents\github\laboratory\uwp\bibledit\bibledit\debug\utilities.nativecodeanalysis.xml
c:\users\teusj\documents\github\laboratory\uwp\bibledit\bibledit\debug\utilities.obj
c:\users\teusj\documents\github\laboratory\uwp\bibledit\bibledit\debug\xamltypeinfo.impl.g.nativecodeanalysis.xml
c:\users\teusj\documents\github\laboratory\uwp\bibledit\bibledit\debug\xamltypeinfo.impl.g.obj
c:\users\teusj\documents\github\laboratory\uwp\bibledit\bibledit\debug\mainpage.xaml.nativecodeanalysis.xml
c:\users\teusj\documents\github\laboratory\uwp\bibledit\bibledit\debug\mainpage.xaml.obj
c:\users\teusj\documents\github\laboratory\uwp\bibledit\bibledit\debug\app.xaml.nativecodeanalysis.xml
c:\users\teusj\documents\github\laboratory\uwp\bibledit\bibledit\debug\app.xaml.obj
c:\users\teusj\documents\github\laboratory\uwp\bibledit\bibledit\debug\vc141.pdb
c:\users\teusj\documents\github\laboratory\uwp\bibledit\bibledit\debug\vc141.idb
c:\users\teusj\documents\github\laboratory\uwp\bibledit\debug\bibledit\bibledit.winmd
c:\users\teusj\documents\github\laboratory\uwp\bibledit\bibledit\debug\bibledit.tlog\bibledit.winmd.lastbuild
c:\users\teusj\documents\github\laboratory\uwp\bibledit\bibledit\debug\xamlsavestatefile.xml
c:\users\teusj\documents\github\laboratory\uwp\bibledit\bibledit\debug\bibledit.tlog\cl.command.1.tlog
c:\users\teusj\documents\github\laboratory\uwp\bibledit\bibledit\debug\bibledit.tlog\cl.read.1.tlog
c:\users\teusj\documents\github\laboratory\uwp\bibledit\bibledit\debug\bibledit.tlog\cl.write.1.tlog
c:\users\teusj\documents\github\laboratory\uwp\bibledit\bibledit\debug\bibledit.tlog\link.command.1.tlog
c:\users\teusj\documents\github\laboratory\uwp\bibledit\bibledit\debug\bibledit.tlog\link.read.1.tlog
c:\users\teusj\documents\github\laboratory\uwp\bibledit\bibledit\debug\bibledit.tlog\link.write.1.tlog
c:\users\teusj\documents\github\laboratory\uwp\bibledit\bibledit\generated files\app.g.h
c:\users\teusj\documents\github\laboratory\uwp\bibledit\bibledit\generated files\mainpage.g.h
c:\users\teusj\documents\github\laboratory\uwp\bibledit\bibledit\generated files\xamlbindinginfo.g.h
c:\users\teusj\documents\github\laboratory\uwp\bibledit\bibledit\generated files\xamltypeinfo.g.h
c:\users\teusj\documents\github\laboratory\uwp\bibledit\bibledit\generated files\xamllibmetadataprovider.g.cpp
c:\users\teusj\documents\github\laboratory\uwp\bibledit\bibledit\generated files\xamltypeinfo.g.cpp
c:\users\teusj\documents\github\laboratory\uwp\bibledit\bibledit\generated files\xamltypeinfo.impl.g.cpp
c:\users\teusj\documents\github\laboratory\uwp\bibledit\bibledit\generated files\app.xaml
c:\users\teusj\documents\github\laboratory\uwp\bibledit\bibledit\generated files\mainpage.xaml
